This file contains any messages produced by compilers while
running configure, to aid debugging if configure makes a mistake.

It was created by configure, which was
generated by GNU Autoconf 2.53.  Invocation command line was

  $ ./configure --prefix=/usr

## --------- ##
## Platform. ##
## --------- ##

hostname = shui
uname -m = x86_64
uname -r = 5.2.14-arch2-1-ARCH
uname -s = Linux
uname -v = #1 SMP PREEMPT Thu Sep 12 10:42:38 UTC 2019

/usr/bin/uname -p = unknown
/bin/uname -X     = unknown

/bin/arch              = unknown
/usr/bin/arch -k       = unknown
/usr/convex/getsysinfo = unknown
hostinfo               = unknown
/bin/machine           = unknown
/usr/bin/oslevel       = unknown
/bin/universe          = unknown

PATH: /home/d/.nvm/versions/node/v8.9.4/bin
PATH: /home/d/.config/composer/vendor/bin
PATH: /usr/local/heroku/bin
PATH: /home/d/.npm-global/bin
PATH: /home/d/.rbenv/shims
PATH: /home/d/.rbenv/bin
PATH: /home/d/.stack/global-project/.stack-work/install/x86_64-linux-tinfo6/lts-11.1/8.2.2/bin
PATH: /home/d/.stack/snapshots/x86_64-linux-tinfo6/lts-11.1/8.2.2/bin
PATH: /home/d/.stack/compiler-tools/x86_64-linux-tinfo6/ghc-8.2.2/bin
PATH: /home/d/.stack/programs/x86_64-linux/ghc-tinfo6-8.2.2/bin
PATH: /home/d/.config/composer/vendor/bin
PATH: /usr/local/heroku/bin
PATH: /home/d/.npm-global/bin
PATH: /home/d/.rbenv/shims
PATH: /home/d/.rbenv/bin
PATH: /usr/local/sbin
PATH: /usr/local/bin
PATH: /usr/bin
PATH: /usr/lib/jvm/default/bin
PATH: /usr/bin/site_perl
PATH: /usr/bin/vendor_perl
PATH: /usr/bin/core_perl
PATH: /home/d/.local/bin/
PATH: /home/d/bin/
PATH: /opt/npm/bin
PATH: /usr/share/elasticsearch/bin
PATH: /opt/play/activator-dist-1.3.10/bin
PATH: /usr/share/java/apache-ant/bin/ant
PATH: /opt/plan9/bin
PATH: /opt/torcs/lib/torcs/lib
PATH: /home/d/.cabal/bin
PATH: /opt/radrails
PATH: /home/d/.gem/ruby/1.9.1/bin
PATH: /usr/games
PATH: /home/d/nodejs/bin
PATH: /home/d/.dropbox-dist/
PATH: /opt/zed/zed
PATH: /opt/viber
PATH: /bin
PATH: /opt/jre1.8.0_141/bin
PATH: /home/d/.local/bin/
PATH: /opt/google-cloud-sdk/bin/
PATH: /usr/share/java/apache-ant/bin/ant
PATH: /opt/plan9/bin
PATH: /opt/torcs/lib/torcs/lib
PATH: /home/d/.cabal/bin
PATH: /opt/radrails
PATH: /home/d/.gem/ruby/1.9.1/bin
PATH: /usr/share/viber
PATH: /opt/android/adt-bundle-linux-x86_64-20140702/sdk/platform-tools
PATH: /opt/android/adt-bundle-linux-x86_64-20140702/sdk/tools
PATH: /opt/android/adt-bundle-linux-x86_64-20140702/eclipse
PATH: /opt/monero-gui-v0.14.0.0
PATH: /home/d/.local/bin
PATH: /home/d/.local/rtorrent/0.9.6-PS-1.2-dev/bin/
PATH: /opt/helm/linux-amd64
PATH: /usr/lib/jvm/default/bin
PATH: /usr/bin/site_perl
PATH: /usr/bin/vendor_perl
PATH: /usr/bin/core_perl
PATH: /home/d/.local/bin/
PATH: /home/d/bin/
PATH: /opt/npm/bin
PATH: /usr/share/elasticsearch/bin
PATH: /opt/play/activator-dist-1.3.10/bin
PATH: /usr/share/java/apache-ant/bin/ant
PATH: /opt/plan9/bin
PATH: /opt/torcs/lib/torcs/lib
PATH: /home/d/.cabal/bin
PATH: /opt/radrails
PATH: /home/d/.gem/ruby/1.9.1/bin
PATH: /usr/games
PATH: /home/d/nodejs/bin
PATH: /home/d/.dropbox-dist/
PATH: /opt/zed/zed
PATH: /opt/viber
PATH: /opt/gopath/bin
PATH: /opt/jre1.8.0_141/bin
PATH: /home/d/.local/bin/
PATH: /opt/google-cloud-sdk/bin/
PATH: /usr/share/java/apache-ant/bin/ant
PATH: /opt/plan9/bin
PATH: /opt/torcs/lib/torcs/lib
PATH: /home/d/.cabal/bin
PATH: /opt/radrails
PATH: /home/d/.gem/ruby/1.9.1/bin
PATH: /usr/share/viber
PATH: /opt/android/adt-bundle-linux-x86_64-20140702/sdk/platform-tools
PATH: /opt/android/adt-bundle-linux-x86_64-20140702/sdk/tools
PATH: /opt/android/adt-bundle-linux-x86_64-20140702/eclipse
PATH: /opt/monero-gui-v0.14.0.0
PATH: /home/d/.local/bin
PATH: /home/d/.local/rtorrent/0.9.6-PS-1.2-dev/bin/
PATH: /opt/helm/linux-amd64


## ----------- ##
## Core tests. ##
## ----------- ##

configure:1184: checking build system type
configure:1202: result: x86_64-unknown-linux-gnu
configure:1210: checking host system type
configure:1224: result: x86_64-unknown-linux-gnu
configure:1232: checking target system type
configure:1246: result: x86_64-unknown-linux-gnu
configure:1273: checking for a BSD-compatible install
configure:1327: result: /usr/bin/install -c
configure:1338: checking whether build environment is sane
configure:1381: result: yes
configure:1396: checking whether make sets ${MAKE}
configure:1416: result: yes
configure:1448: checking for working aclocal
configure:1455: result: found
configure:1463: checking for working autoconf
configure:1470: result: found
configure:1478: checking for working automake
configure:1485: result: found
configure:1493: checking for working autoheader
configure:1500: result: found
configure:1508: checking for working makeinfo
configure:1515: result: found
configure:1526: checking whether make sets ${MAKE}
configure:1546: result: yes
configure:1601: checking for gcc
configure:1617: found /usr/bin/gcc
configure:1627: result: gcc
configure:1871: checking for C compiler version
configure:1874: gcc --version </dev/null >&5
gcc (GCC) 9.1.0
Copyright (C) 2019 Free Software Foundation, Inc.
This is free software; see the source for copying conditions.  There is NO
warranty; not even for MERCHANTABILITY or FITNESS FOR A PARTICULAR PURPOSE.

configure:1877: $? = 0
configure:1879: gcc -v </dev/null >&5
Using built-in specs.
COLLECT_GCC=gcc
COLLECT_LTO_WRAPPER=/usr/lib/gcc/x86_64-pc-linux-gnu/9.1.0/lto-wrapper
Target: x86_64-pc-linux-gnu
Configured with: /build/gcc/src/gcc/configure --prefix=/usr --libdir=/usr/lib --libexecdir=/usr/lib --mandir=/usr/share/man --infodir=/usr/share/info --with-bugurl=https://bugs.archlinux.org/ --enable-languages=c,c++,ada,fortran,go,lto,objc,obj-c++ --enable-shared --enable-threads=posix --with-system-zlib --with-isl --enable-__cxa_atexit --disable-libunwind-exceptions --enable-clocale=gnu --disable-libstdcxx-pch --disable-libssp --enable-gnu-unique-object --enable-linker-build-id --enable-lto --enable-plugin --enable-install-libiberty --with-linker-hash-style=gnu --enable-gnu-indirect-function --enable-multilib --disable-werror --enable-checking=release --enable-default-pie --enable-default-ssp --enable-cet=auto
Thread model: posix
gcc version 9.1.0 (GCC) 
configure:1882: $? = 0
configure:1884: gcc -V </dev/null >&5
gcc: error: unrecognized command line option '-V'
gcc: fatal error: no input files
compilation terminated.
configure:1887: $? = 1
configure:1913: checking for C compiler default output
configure:1916: gcc -march=x86-64 -mtune=generic -O2 -pipe -fno-plt -D_FORTIFY_SOURCE=2 -Wl,-O1,--sort-common,--as-needed,-z,relro,-z,now conftest.c  >&5
configure:1919: $? = 0
configure:1952: result: a.out
configure:1957: checking whether the C compiler works
configure:1963: ./a.out
configure:1966: $? = 0
configure:1981: result: yes
configure:1988: checking whether we are cross compiling
configure:1990: result: no
configure:1993: checking for suffix of executables
configure:1995: gcc -o conftest -march=x86-64 -mtune=generic -O2 -pipe -fno-plt -D_FORTIFY_SOURCE=2 -Wl,-O1,--sort-common,--as-needed,-z,relro,-z,now conftest.c  >&5
configure:1998: $? = 0
configure:2020: result: 
configure:2026: checking for suffix of object files
configure:2050: gcc -c -march=x86-64 -mtune=generic -O2 -pipe -fno-plt -D_FORTIFY_SOURCE=2 conftest.c >&5
configure:2053: $? = 0
configure:2072: result: o
configure:2076: checking whether we are using the GNU C compiler
configure:2103: gcc -c -march=x86-64 -mtune=generic -O2 -pipe -fno-plt -D_FORTIFY_SOURCE=2 conftest.c >&5
configure:2106: $? = 0
configure:2109: test -s conftest.o
configure:2112: $? = 0
configure:2124: result: yes
configure:2130: checking whether gcc accepts -g
configure:2154: gcc -c -g -D_FORTIFY_SOURCE=2 conftest.c >&5
configure:2157: $? = 0
configure:2160: test -s conftest.o
configure:2163: $? = 0
configure:2173: result: yes
configure:2200: gcc -c -march=x86-64 -mtune=generic -O2 -pipe -fno-plt -D_FORTIFY_SOURCE=2 conftest.c >&5
conftest.c:2:3: error: unknown type name 'choke'
    2 |   choke me
      |   ^~~~~
conftest.c:2:3: error: expected '=', ',', ';', 'asm' or '__attribute__' at end of input
configure:2203: $? = 1
configure: failed program was:
#ifndef __cplusplus
  choke me
#endif
configure:2365: checking for g++
configure:2381: found /usr/bin/g++
configure:2391: result: g++
configure:2407: checking for C++ compiler version
configure:2410: g++ --version </dev/null >&5
g++ (GCC) 9.1.0
Copyright (C) 2019 Free Software Foundation, Inc.
This is free software; see the source for copying conditions.  There is NO
warranty; not even for MERCHANTABILITY or FITNESS FOR A PARTICULAR PURPOSE.

configure:2413: $? = 0
configure:2415: g++ -v </dev/null >&5
Using built-in specs.
COLLECT_GCC=g++
COLLECT_LTO_WRAPPER=/usr/lib/gcc/x86_64-pc-linux-gnu/9.1.0/lto-wrapper
Target: x86_64-pc-linux-gnu
Configured with: /build/gcc/src/gcc/configure --prefix=/usr --libdir=/usr/lib --libexecdir=/usr/lib --mandir=/usr/share/man --infodir=/usr/share/info --with-bugurl=https://bugs.archlinux.org/ --enable-languages=c,c++,ada,fortran,go,lto,objc,obj-c++ --enable-shared --enable-threads=posix --with-system-zlib --with-isl --enable-__cxa_atexit --disable-libunwind-exceptions --enable-clocale=gnu --disable-libstdcxx-pch --disable-libssp --enable-gnu-unique-object --enable-linker-build-id --enable-lto --enable-plugin --enable-install-libiberty --with-linker-hash-style=gnu --enable-gnu-indirect-function --enable-multilib --disable-werror --enable-checking=release --enable-default-pie --enable-default-ssp --enable-cet=auto
Thread model: posix
gcc version 9.1.0 (GCC) 
configure:2418: $? = 0
configure:2420: g++ -V </dev/null >&5
g++: error: unrecognized command line option '-V'
g++: fatal error: no input files
compilation terminated.
configure:2423: $? = 1
configure:2426: checking whether we are using the GNU C++ compiler
configure:2453: g++ -c -march=x86-64 -mtune=generic -O2 -pipe -fno-plt -D_FORTIFY_SOURCE=2 conftest.cc >&5
configure:2456: $? = 0
configure:2459: test -s conftest.o
configure:2462: $? = 0
configure:2474: result: yes
configure:2480: checking whether g++ accepts -g
configure:2504: g++ -c -g -D_FORTIFY_SOURCE=2 conftest.cc >&5
configure:2507: $? = 0
configure:2510: test -s conftest.o
configure:2513: $? = 0
configure:2523: result: yes
configure:2569: g++ -c -march=x86-64 -mtune=generic -O2 -pipe -fno-plt -D_FORTIFY_SOURCE=2 conftest.cc >&5
configure:2572: $? = 0
configure:2575: test -s conftest.o
configure:2578: $? = 0
configure:2606: g++ -c -march=x86-64 -mtune=generic -O2 -pipe -fno-plt -D_FORTIFY_SOURCE=2 conftest.cc >&5
configure: In function 'int main()':
configure:2598:1: error: 'exit' was not declared in this scope
 2598 |   echo "$as_me: failed program was:" >&5
      | ^ ~~
configure:2609: $? = 1
configure: failed program was:
#line 2587 "configure"
#include "confdefs.h"

#ifdef F77_DUMMY_MAIN
#  ifdef __cplusplus
     extern "C"
#  endif
   int F77_DUMMY_MAIN() { return 1; }
#endif
int
main ()
{
exit (42);
  ;
  return 0;
}
configure:2569: g++ -c -march=x86-64 -mtune=generic -O2 -pipe -fno-plt -D_FORTIFY_SOURCE=2 conftest.cc >&5
configure:2572: $? = 0
configure:2575: test -s conftest.o
configure:2578: $? = 0
configure:2606: g++ -c -march=x86-64 -mtune=generic -O2 -pipe -fno-plt -D_FORTIFY_SOURCE=2 conftest.cc >&5
configure:2609: $? = 0
configure:2612: test -s conftest.o
configure:2615: $? = 0
configure:2678: checking for ranlib
configure:2694: found /usr/bin/ranlib
configure:2705: result: ranlib
configure:2729: checking for a BSD-compatible install
configure:2783: result: /usr/bin/install -c
configure:2865: checking for sdl-config
configure:2883: found /usr/bin/sdl-config
configure:2896: result: /usr/bin/sdl-config
configure:2904: checking for SDL - version >= 1.2.0
configure:2991: gcc -o conftest -march=x86-64 -mtune=generic -O2 -pipe -fno-plt -I/usr/include/SDL -D_GNU_SOURCE=1 -D_REENTRANT -D_FORTIFY_SOURCE=2 -Wl,-O1,--sort-common,--as-needed,-z,relro,-z,now conftest.c  -L/usr/lib -lSDL -lpthread >&5
configure:2994: $? = 0
configure:2996: ./conftest
configure:2999: $? = 0
configure:3016: result: yes
configure:3108: checking for SDLNet_Init in -lSDL_net
configure:3141: gcc -o conftest -march=x86-64 -mtune=generic -O2 -pipe -fno-plt -I/usr/include/SDL -D_GNU_SOURCE=1 -D_REENTRANT -D_FORTIFY_SOURCE=2 -Wl,-O1,--sort-common,--as-needed,-z,relro,-z,now conftest.c -lSDL_net   -L/usr/lib -lSDL -lpthread >&5
configure:3144: $? = 0
configure:3147: test -s conftest
configure:3150: $? = 0
configure:3161: result: yes
configure:3181: checking for RSA checksum authentication
configure:3190: result: no
configure:3340: creating ./config.status

## ---------------------- ##
## Running config.status. ##
## ---------------------- ##

This file was extended by config.status, which was
generated by GNU Autoconf 2.53.  Invocation command line was

  CONFIG_FILES    = 
  CONFIG_HEADERS  = 
  CONFIG_LINKS    = 
  CONFIG_COMMANDS = 
  $ ./config.status 

on shui

config.status:565: creating Makefile
config.status:565: creating netlogic/Makefile
config.status:565: creating screenlib/Makefile
config.status:565: creating maclib/Makefile
config.status:565: creating Images/Makefile
config.status:565: creating Docs/Makefile
config.status:565: creating Maelstrom.spec

## ---------------- ##
## Cache variables. ##
## ---------------- ##

ac_cv_build=x86_64-unknown-linux-gnu
ac_cv_build_alias=x86_64-unknown-linux-gnu
ac_cv_c_compiler_gnu=yes
ac_cv_cxx_compiler_gnu=yes
ac_cv_env_CC_set=
ac_cv_env_CC_value=
ac_cv_env_CFLAGS_set=set
ac_cv_env_CFLAGS_value='-march=x86-64 -mtune=generic -O2 -pipe -fno-plt'
ac_cv_env_CPPFLAGS_set=set
ac_cv_env_CPPFLAGS_value=-D_FORTIFY_SOURCE=2
ac_cv_env_CXXFLAGS_set=set
ac_cv_env_CXXFLAGS_value='-march=x86-64 -mtune=generic -O2 -pipe -fno-plt'
ac_cv_env_CXX_set=
ac_cv_env_CXX_value=
ac_cv_env_LDFLAGS_set=set
ac_cv_env_LDFLAGS_value=-Wl,-O1,--sort-common,--as-needed,-z,relro,-z,now
ac_cv_env_build_alias_set=
ac_cv_env_build_alias_value=
ac_cv_env_host_alias_set=
ac_cv_env_host_alias_value=
ac_cv_env_target_alias_set=
ac_cv_env_target_alias_value=
ac_cv_exeext=
ac_cv_host=x86_64-unknown-linux-gnu
ac_cv_host_alias=x86_64-unknown-linux-gnu
ac_cv_lib_SDL_net_SDLNet_Init=yes
ac_cv_objext=o
ac_cv_path_SDL_CONFIG=/usr/bin/sdl-config
ac_cv_path_install='/usr/bin/install -c'
ac_cv_prog_ac_ct_CC=gcc
ac_cv_prog_ac_ct_CXX=g++
ac_cv_prog_ac_ct_RANLIB=ranlib
ac_cv_prog_cc_g=yes
ac_cv_prog_cxx_g=yes
ac_cv_prog_make_make_set=yes
ac_cv_target=x86_64-unknown-linux-gnu
ac_cv_target_alias=x86_64-unknown-linux-gnu

## ----------- ##
## confdefs.h. ##
## ----------- ##

#define PACKAGE_NAME ""
#define PACKAGE_TARNAME ""
#define PACKAGE_VERSION ""
#define PACKAGE_STRING ""
#define PACKAGE_BUGREPORT ""
#define PACKAGE "Maelstrom"
#define VERSION "3.0.6"
#ifdef __cplusplus
#include <stdlib.h>
#endif

configure: exit 0
